-------------------------------------------------------------------------------
Test set: com.baeldung.spring.cloud.archaius.additionalsources.ArchaiusAdditionalSourcesLiveTest
-------------------------------------------------------------------------------
Tests run: 1, Failures: 0, Errors: 1, Skipped: 0, Time elapsed: 11.693 sec <<< FAILURE! - in com.baeldung.spring.cloud.archaius.additionalsources.ArchaiusAdditionalSourcesLiveTest
givenNonDefaultConfigurationFilesSetup_whenRequestProperties_thenEndpointRetrievesValuesInFiles(com.baeldung.spring.cloud.archaius.additionalsources.ArchaiusAdditionalSourcesLiveTest)  Time elapsed: 2.478 sec  <<< ERROR!
org.springframework.web.client.ResourceAccessException: I/O error on GET request for "http://localhost:8082/properties-from-dynamic": Connection refused: connect; nested exception is java.net.ConnectException: Connection refused: connect
	at com.baeldung.spring.cloud.archaius.additionalsources.ArchaiusAdditionalSourcesLiveTest.exchangeAsMap(ArchaiusAdditionalSourcesLiveTest.java:43)
	at com.baeldung.spring.cloud.archaius.additionalsources.ArchaiusAdditionalSourcesLiveTest.givenNonDefaultConfigurationFilesSetup_whenRequestProperties_thenEndpointRetrievesValuesInFiles(ArchaiusAdditionalSourcesLiveTest.java:49)
Caused by: java.net.ConnectException: Connection refused: connect
	at com.baeldung.spring.cloud.archaius.additionalsources.ArchaiusAdditionalSourcesLiveTest.exchangeAsMap(ArchaiusAdditionalSourcesLiveTest.java:43)
	at com.baeldung.spring.cloud.archaius.additionalsources.ArchaiusAdditionalSourcesLiveTest.givenNonDefaultConfigurationFilesSetup_whenRequestProperties_thenEndpointRetrievesValuesInFiles(ArchaiusAdditionalSourcesLiveTest.java:49)

